                                    北青公司                                    

                                    銷售報表                                    

          銷售日期    產品編號    銷售數量    備註                              

          84/09/01    X103    1,300                                             

          84/09/01    X103      100                                             

          84/09/01    Y115      900                                             

          84/09/01    Y115      800                                             

          84/09/01    Z118    2,300                                             

          84/09/01    Z118    3,500                                             

          84/09/21    X103    3,500                                             

          84/09/21    Y115    3,500                                             

          84/09/21    Y115      200                                             

          84/09/21    Z118    1,000                                             

          84/09/21    Z118    5,300                                             

          84/09/21    Z118    3,500                                             

          84/09月銷售數量....     25,900   *                                    

          84/10/01    X103    4,300                                             

          84/10/01    X103      800                                             

          84/10/01    Y115    4,000                                             

          84/10/01    Y115    1,000                                             

          84/10/01    Y115    2,000                                             

          84/10/01    Y115    2,200                                             

          84/10/11    X103    1,200                                             

          84/10/11    X103    1,400                                             

          84/10/11    Y115      900                                             

          84/10/11    Z118      600                                             

          84/10/21    Z118      600                                             

          84/10月銷售數量....     19,000   *                                    

總銷售數量....     44,900  **                                                   