INFO 2011-05-17 13:31:12 - =======================================================
INFO 2011-05-17 13:31:12 - Machine Name:FQ-201010071840
INFO 2011-05-17 13:31:12 - Date Of Execution:2011-5-17 13:31:12
INFO 2011-05-25 19:50:20 - =======================================================
INFO 2011-05-25 19:50:20 - Machine Name:FQ-201010071840
INFO 2011-05-25 19:50:20 - Date Of Execution:2011-5-25 19:50:20
INFO 2011-05-25 19:50:35 - =======================================================
INFO 2011-05-25 19:50:35 - Machine Name:FQ-201010071840
INFO 2011-05-25 19:50:35 - Date Of Execution:2011-5-25 19:50:35
INFO 2011-05-25 20:53:45 - =======================================================
INFO 2011-05-25 20:53:45 - Machine Name:FQ-201010071840
INFO 2011-05-25 20:53:45 - Date Of Execution:2011-5-25 20:53:45
INFO 2011-05-25 20:53:57 - =======================================================
INFO 2011-05-25 20:53:57 - Machine Name:FQ-201010071840
INFO 2011-05-25 20:53:57 - Date Of Execution:2011-5-25 20:53:57
INFO 2011-12-25 15:33:01 - =======================================================
INFO 2011-12-25 15:33:01 - Machine Name:WWW-63B99CD9669
INFO 2011-12-25 15:33:01 - Date Of Execution:2011-12-25 15:33:01
INFO 2020-06-27 12:44:17 - =======================================================
INFO 2020-06-27 12:44:17 - Machine Name:T440S-DATA
INFO 2020-06-27 12:44:17 - Date Of Execution:2020/6/27 12:44:17
INFO 2020-06-27 12:44:26 - =======================================================
INFO 2020-06-27 12:44:26 - Machine Name:T440S-DATA
INFO 2020-06-27 12:44:26 - Date Of Execution:2020/6/27 12:44:26
INFO 2020-06-27 12:51:23 - =======================================================
INFO 2020-06-27 12:51:23 - Machine Name:T440S-DATA
INFO 2020-06-27 12:51:23 - Date Of Execution:2020/6/27 12:51:23
INFO 2020-06-27 12:51:30 - =======================================================
INFO 2020-06-27 12:51:30 - Machine Name:T440S-DATA
INFO 2020-06-27 12:51:30 - Date Of Execution:2020/6/27 12:51:30
INFO 2020-11-22 11:15:00 - =======================================================
INFO 2020-11-22 11:15:00 - Machine Name:SBP-01
INFO 2020-11-22 11:15:00 - Date Of Execution:2020/11/22 11:15:00
INFO 2020-11-22 11:15:13 - =======================================================
INFO 2020-11-22 11:15:13 - Machine Name:SBP-01
INFO 2020-11-22 11:15:13 - Date Of Execution:2020/11/22 11:15:13
INFO 2020-12-09 08:29:55 - =======================================================
INFO 2020-12-09 08:29:55 - Machine Name:SBP-01
INFO 2020-12-09 08:29:55 - Date Of Execution:2020/12/9 8:29:55
INFO 2020-12-09 08:30:06 - =======================================================
INFO 2020-12-09 08:30:06 - Machine Name:SBP-01
INFO 2020-12-09 08:30:06 - Date Of Execution:2020/12/9 8:30:06
INFO 2021-03-25 17:25:41 - =======================================================
INFO 2021-03-25 17:25:41 - Machine Name:SBP-01
INFO 2021-03-25 17:25:41 - Date Of Execution:2021/03/25 17:25:41
INFO 2021-03-25 17:26:00 - =======================================================
INFO 2021-03-25 17:26:00 - Machine Name:SBP-01
INFO 2021-03-25 17:26:00 - Date Of Execution:2021/03/25 17:26:00
INFO 2021-10-04 11:46:20 - =======================================================
INFO 2021-10-04 11:46:21 - Machine Name:SBG-WINT4S
INFO 2021-10-04 11:46:21 - Date Of Execution:2021/10/04 11:46:21
INFO 2021-10-04 11:46:48 - =======================================================
INFO 2021-10-04 11:46:48 - Machine Name:SBG-WINT4S
INFO 2021-10-04 11:46:48 - Date Of Execution:2021/10/04 11:46:48
INFO 2022-07-05 15:26:17 - =======================================================
INFO 2022-07-05 15:26:17 - Machine Name:SBUN-WINT440S
INFO 2022-07-05 15:26:17 - Date Of Execution:2022/07/05 15:26:17
INFO 2022-07-05 15:26:29 - =======================================================
INFO 2022-07-05 15:26:29 - Machine Name:SBUN-WINT440S
INFO 2022-07-05 15:26:29 - Date Of Execution:2022/07/05 15:26:29
INFO 2022-08-17 10:51:43 - =======================================================
INFO 2022-08-17 10:51:43 - Machine Name:SBUN-WINT440S
INFO 2022-08-17 10:51:43 - Date Of Execution:2022/08/17 10:51:43
INFO 2022-08-17 10:52:12 - =======================================================
INFO 2022-08-17 10:52:12 - Machine Name:SBUN-WINT440S
INFO 2022-08-17 10:52:12 - Date Of Execution:2022/08/17 10:52:12
INFO 2022-08-17 10:53:52 - =======================================================
INFO 2022-08-17 10:53:52 - Machine Name:SBUN-WINT440S
INFO 2022-08-17 10:53:52 - Date Of Execution:2022/08/17 10:53:52
INFO 2022-08-17 10:53:58 - =======================================================
INFO 2022-08-17 10:53:58 - Machine Name:SBUN-WINT440S
INFO 2022-08-17 10:53:58 - Date Of Execution:2022/08/17 10:53:58
INFO 2022-08-17 11:01:45 - =======================================================
INFO 2022-08-17 11:01:45 - Machine Name:SBUN-WINT440S
INFO 2022-08-17 11:01:45 - Date Of Execution:2022/08/17 11:01:45
INFO 2022-08-17 11:01:56 - =======================================================
INFO 2022-08-17 11:01:56 - Machine Name:SBUN-WINT440S
INFO 2022-08-17 11:01:56 - Date Of Execution:2022/08/17 11:01:56
